2026-06-17 16:17:24 [background-preinit] INFO  o.h.validator.internal.util.Version - HV000001: Hibernate Validator 8.0.3.Final
2026-06-17 16:17:24 [restartedMain] INFO  com.sateno_b.www.SatenoBApplication - Starting SatenoBApplication using Java 20.0.2 with PID 1018182 (/home/developer/Desktop/sateno/sateno_erp_backend/target/classes started by developer in /home/developer/Desktop/sateno/sateno_erp_backend)
2026-06-17 16:17:24 [restartedMain] INFO  com.sateno_b.www.SatenoBApplication - No active profile set, falling back to 1 default profile: "default"
2026-06-17 16:17:24 [restartedMain] INFO  o.s.b.d.e.DevToolsPropertyDefaultsPostProcessor - Devtools property defaults active! Set 'spring.devtools.add-properties' to 'false' to disable
2026-06-17 16:17:24 [restartedMain] INFO  o.s.b.d.e.DevToolsPropertyDefaultsPostProcessor - For additional web related logging consider setting the 'logging.level.web' property to 'DEBUG'
2026-06-17 16:17:25 [restartedMain] INFO  o.s.d.r.c.RepositoryConfigurationDelegate - Multiple Spring Data modules found, entering strict repository configuration mode
2026-06-17 16:17:25 [restartedMain] INFO  o.s.d.r.c.RepositoryConfigurationDelegate - Bootstrapping Spring Data JPA repositories in DEFAULT mode.
2026-06-17 16:17:25 [restartedMain] INFO  o.s.d.r.c.RepositoryConfigurationDelegate - Finished Spring Data repository scanning in 124 ms. Found 40 JPA repository interfaces.
2026-06-17 16:17:25 [restartedMain] INFO  o.s.d.r.c.RepositoryConfigurationDelegate - Multiple Spring Data modules found, entering strict repository configuration mode
2026-06-17 16:17:25 [restartedMain] INFO  o.s.d.r.c.RepositoryConfigurationDelegate - Bootstrapping Spring Data JDBC repositories in DEFAULT mode.
2026-06-17 16:17:25 [restartedMain] INFO  o.s.d.r.c.RepositoryConfigurationExtensionSupport - Spring Data JDBC - Could not safely identify store assignment for repository candidate interface com.sateno_b.www.model.repository.CourierSettingsRepository; If you want this repository to be a JDBC repository, consider annotating your entities with one of these annotations: org.springframework.data.relational.core.mapping.Table.
2026-06-17 16:17:25 [restartedMain] INFO  o.s.d.r.c.RepositoryConfigurationExtensionSupport - Spring Data JDBC - Could not safely identify store assignment for repository candidate interface com.sateno_b.www.model.repository.CurrencyRepository; If you want this repository to be a JDBC repository, consider annotating your entities with one of these annotations: org.springframework.data.relational.core.mapping.Table.
2026-06-17 16:17:25 [restartedMain] INFO  o.s.d.r.c.RepositoryConfigurationExtensionSupport - Spring Data JDBC - Could not safely identify store assignment for repository candidate interface com.sateno_b.www.model.repository.CustomerRepository; If you want this repository to be a JDBC repository, consider annotating your entities with one of these annotations: org.springframework.data.relational.core.mapping.Table.
2026-06-17 16:17:25 [restartedMain] INFO  o.s.d.r.c.RepositoryConfigurationExtensionSupport - Spring Data JDBC - Could not safely identify store assignment for repository candidate interface com.sateno_b.www.model.repository.DiscountPhoneRepository; If you want this repository to be a JDBC repository, consider annotating your entities with one of these annotations: org.springframework.data.relational.core.mapping.Table.
2026-06-17 16:17:25 [restartedMain] INFO  o.s.d.r.c.RepositoryConfigurationExtensionSupport - Spring Data JDBC - Could not safely identify store assignment for repository candidate interface com.sateno_b.www.model.repository.EmailLogRepository; If you want this repository to be a JDBC repository, consider annotating your entities with one of these annotations: org.springframework.data.relational.core.mapping.Table.
2026-06-17 16:17:25 [restartedMain] INFO  o.s.d.r.c.RepositoryConfigurationExtensionSupport - Spring Data JDBC - Could not safely identify store assignment for repository candidate interface com.sateno_b.www.model.repository.EmailRepository; If you want this repository to be a JDBC repository, consider annotating your entities with one of these annotations: org.springframework.data.relational.core.mapping.Table.
2026-06-17 16:17:25 [restartedMain] INFO  o.s.d.r.c.RepositoryConfigurationExtensionSupport - Spring Data JDBC - Could not safely identify store assignment for repository candidate interface com.sateno_b.www.model.repository.GoogleAdsCampaignNameRepository; If you want this repository to be a JDBC repository, consider annotating your entities with one of these annotations: org.springframework.data.relational.core.mapping.Table.
2026-06-17 16:17:25 [restartedMain] INFO  o.s.d.r.c.RepositoryConfigurationExtensionSupport - Spring Data JDBC - Could not safely identify store assignment for repository candidate interface com.sateno_b.www.model.repository.GoogleAdsRecordRepository; If you want this repository to be a JDBC repository, consider annotating your entities with one of these annotations: org.springframework.data.relational.core.mapping.Table.
2026-06-17 16:17:25 [restartedMain] INFO  o.s.d.r.c.RepositoryConfigurationExtensionSupport - Spring Data JDBC - Could not safely identify store assignment for repository candidate interface com.sateno_b.www.model.repository.GoogleAdsRepository; If you want this repository to be a JDBC repository, consider annotating your entities with one of these annotations: org.springframework.data.relational.core.mapping.Table.
2026-06-17 16:17:25 [restartedMain] INFO  o.s.d.r.c.RepositoryConfigurationExtensionSupport - Spring Data JDBC - Could not safely identify store assignment for repository candidate interface com.sateno_b.www.model.repository.LanguageRepository; If you want this repository to be a JDBC repository, consider annotating your entities with one of these annotations: org.springframework.data.relational.core.mapping.Table.
2026-06-17 16:17:25 [restartedMain] INFO  o.s.d.r.c.RepositoryConfigurationExtensionSupport - Spring Data JDBC - Could not safely identify store assignment for repository candidate interface com.sateno_b.www.model.repository.MetaAdsCampaignNameRepository; If you want this repository to be a JDBC repository, consider annotating your entities with one of these annotations: org.springframework.data.relational.core.mapping.Table.
2026-06-17 16:17:25 [restartedMain] INFO  o.s.d.r.c.RepositoryConfigurationExtensionSupport - Spring Data JDBC - Could not safely identify store assignment for repository candidate interface com.sateno_b.www.model.repository.MetaAdsRecordRepository; If you want this repository to be a JDBC repository, consider annotating your entities with one of these annotations: org.springframework.data.relational.core.mapping.Table.
2026-06-17 16:17:25 [restartedMain] INFO  o.s.d.r.c.RepositoryConfigurationExtensionSupport - Spring Data JDBC - Could not safely identify store assignment for repository candidate interface com.sateno_b.www.model.repository.MetaAdsRepository; If you want this repository to be a JDBC repository, consider annotating your entities with one of these annotations: org.springframework.data.relational.core.mapping.Table.
2026-06-17 16:17:25 [restartedMain] INFO  o.s.d.r.c.RepositoryConfigurationExtensionSupport - Spring Data JDBC - Could not safely identify store assignment for repository candidate interface com.sateno_b.www.model.repository.OrderAutomationTaskRepository; If you want this repository to be a JDBC repository, consider annotating your entities with one of these annotations: org.springframework.data.relational.core.mapping.Table.
2026-06-17 16:17:25 [restartedMain] INFO  o.s.d.r.c.RepositoryConfigurationExtensionSupport - Spring Data JDBC - Could not safely identify store assignment for repository candidate interface com.sateno_b.www.model.repository.SchemeWpProductRepository; If you want this repository to be a JDBC repository, consider annotating your entities with one of these annotations: org.springframework.data.relational.core.mapping.Table.
2026-06-17 16:17:25 [restartedMain] INFO  o.s.d.r.c.RepositoryConfigurationExtensionSupport - Spring Data JDBC - Could not safely identify store assignment for repository candidate interface com.sateno_b.www.model.repository.SiteRepository; If you want this repository to be a JDBC repository, consider annotating your entities with one of these annotations: org.springframework.data.relational.core.mapping.Table.
2026-06-17 16:17:25 [restartedMain] INFO  o.s.d.r.c.RepositoryConfigurationExtensionSupport - Spring Data JDBC - Could not safely identify store assignment for repository candidate interface com.sateno_b.www.model.repository.UserRepository; If you want this repository to be a JDBC repository, consider annotating your entities with one of these annotations: org.springframework.data.relational.core.mapping.Table.
2026-06-17 16:17:25 [restartedMain] INFO  o.s.d.r.c.RepositoryConfigurationExtensionSupport - Spring Data JDBC - Could not safely identify store assignment for repository candidate interface com.sateno_b.www.model.repository.UserSignalRepository; If you want this repository to be a JDBC repository, consider annotating your entities with one of these annotations: org.springframework.data.relational.core.mapping.Table.
2026-06-17 16:17:25 [restartedMain] INFO  o.s.d.r.c.RepositoryConfigurationExtensionSupport - Spring Data JDBC - Could not safely identify store assignment for repository candidate interface com.sateno_b.www.model.repository.WpAddonRepository; If you want this repository to be a JDBC repository, consider annotating your entities with one of these annotations: org.springframework.data.relational.core.mapping.Table.
2026-06-17 16:17:25 [restartedMain] INFO  o.s.d.r.c.RepositoryConfigurationExtensionSupport - Spring Data JDBC - Could not safely identify store assignment for repository candidate interface com.sateno_b.www.model.repository.WpAddonTranslationRepository; If you want this repository to be a JDBC repository, consider annotating your entities with one of these annotations: org.springframework.data.relational.core.mapping.Table.
2026-06-17 16:17:25 [restartedMain] INFO  o.s.d.r.c.RepositoryConfigurationExtensionSupport - Spring Data JDBC - Could not safely identify store assignment for repository candidate interface com.sateno_b.www.model.repository.WpAddonValueRepository; If you want this repository to be a JDBC repository, consider annotating your entities with one of these annotations: org.springframework.data.relational.core.mapping.Table.
2026-06-17 16:17:25 [restartedMain] INFO  o.s.d.r.c.RepositoryConfigurationExtensionSupport - Spring Data JDBC - Could not safely identify store assignment for repository candidate interface com.sateno_b.www.model.repository.WpAddonValueTranslationRepository; If you want this repository to be a JDBC repository, consider annotating your entities with one of these annotations: org.springframework.data.relational.core.mapping.Table.
2026-06-17 16:17:25 [restartedMain] INFO  o.s.d.r.c.RepositoryConfigurationExtensionSupport - Spring Data JDBC - Could not safely identify store assignment for repository candidate interface com.sateno_b.www.model.repository.WpAttributeTypeRepository; If you want this repository to be a JDBC repository, consider annotating your entities with one of these annotations: org.springframework.data.relational.core.mapping.Table.
2026-06-17 16:17:25 [restartedMain] INFO  o.s.d.r.c.RepositoryConfigurationExtensionSupport - Spring Data JDBC - Could not safely identify store assignment for repository candidate interface com.sateno_b.www.model.repository.WpAttributeTypeTranslationRepository; If you want this repository to be a JDBC repository, consider annotating your entities with one of these annotations: org.springframework.data.relational.core.mapping.Table.
2026-06-17 16:17:25 [restartedMain] INFO  o.s.d.r.c.RepositoryConfigurationExtensionSupport - Spring Data JDBC - Could not safely identify store assignment for repository candidate interface com.sateno_b.www.model.repository.WpAttributeValueRepository; If you want this repository to be a JDBC repository, consider annotating your entities with one of these annotations: org.springframework.data.relational.core.mapping.Table.
2026-06-17 16:17:25 [restartedMain] INFO  o.s.d.r.c.RepositoryConfigurationExtensionSupport - Spring Data JDBC - Could not safely identify store assignment for repository candidate interface com.sateno_b.www.model.repository.WpAttributeValueTranslationRepository; If you want this repository to be a JDBC repository, consider annotating your entities with one of these annotations: org.springframework.data.relational.core.mapping.Table.
2026-06-17 16:17:25 [restartedMain] INFO  o.s.d.r.c.RepositoryConfigurationExtensionSupport - Spring Data JDBC - Could not safely identify store assignment for repository candidate interface com.sateno_b.www.model.repository.WpBrandRepository; If you want this repository to be a JDBC repository, consider annotating your entities with one of these annotations: org.springframework.data.relational.core.mapping.Table.
2026-06-17 16:17:25 [restartedMain] INFO  o.s.d.r.c.RepositoryConfigurationExtensionSupport - Spring Data JDBC - Could not safely identify store assignment for repository candidate interface com.sateno_b.www.model.repository.WpBrandWpIdRepository; If you want this repository to be a JDBC repository, consider annotating your entities with one of these annotations: org.springframework.data.relational.core.mapping.Table.
2026-06-17 16:17:25 [restartedMain] INFO  o.s.d.r.c.RepositoryConfigurationExtensionSupport - Spring Data JDBC - Could not safely identify store assignment for repository candidate interface com.sateno_b.www.model.repository.WpCategoryRepository; If you want this repository to be a JDBC repository, consider annotating your entities with one of these annotations: org.springframework.data.relational.core.mapping.Table.
2026-06-17 16:17:25 [restartedMain] INFO  o.s.d.r.c.RepositoryConfigurationExtensionSupport - Spring Data JDBC - Could not safely identify store assignment for repository candidate interface com.sateno_b.www.model.repository.WpCategorySiteMappingRepository; If you want this repository to be a JDBC repository, consider annotating your entities with one of these annotations: org.springframework.data.relational.core.mapping.Table.
2026-06-17 16:17:25 [restartedMain] INFO  o.s.d.r.c.RepositoryConfigurationExtensionSupport - Spring Data JDBC - Could not safely identify store assignment for repository candidate interface com.sateno_b.www.model.repository.WpCategoryTranslationRepository; If you want this repository to be a JDBC repository, consider annotating your entities with one of these annotations: org.springframework.data.relational.core.mapping.Table.
2026-06-17 16:17:25 [restartedMain] INFO  o.s.d.r.c.RepositoryConfigurationExtensionSupport - Spring Data JDBC - Could not safely identify store assignment for repository candidate interface com.sateno_b.www.model.repository.WpOrderRepository; If you want this repository to be a JDBC repository, consider annotating your entities with one of these annotations: org.springframework.data.relational.core.mapping.Table.
2026-06-17 16:17:25 [restartedMain] INFO  o.s.d.r.c.RepositoryConfigurationExtensionSupport - Spring Data JDBC - Could not safely identify store assignment for repository candidate interface com.sateno_b.www.model.repository.WpProductAddonConfigRepository; If you want this repository to be a JDBC repository, consider annotating your entities with one of these annotations: org.springframework.data.relational.core.mapping.Table.
2026-06-17 16:17:25 [restartedMain] INFO  o.s.d.r.c.RepositoryConfigurationExtensionSupport - Spring Data JDBC - Could not safely identify store assignment for repository candidate interface com.sateno_b.www.model.repository.WpProductHistoryRepository; If you want this repository to be a JDBC repository, consider annotating your entities with one of these annotations: org.springframework.data.relational.core.mapping.Table.
2026-06-17 16:17:25 [restartedMain] INFO  o.s.d.r.c.RepositoryConfigurationExtensionSupport - Spring Data JDBC - Could not safely identify store assignment for repository candidate interface com.sateno_b.www.model.repository.WpProductImageRepository; If you want this repository to be a JDBC repository, consider annotating your entities with one of these annotations: org.springframework.data.relational.core.mapping.Table.
2026-06-17 16:17:25 [restartedMain] INFO  o.s.d.r.c.RepositoryConfigurationExtensionSupport - Spring Data JDBC - Could not safely identify store assignment for repository candidate interface com.sateno_b.www.model.repository.WpProductImageSiteMappingRepository; If you want this repository to be a JDBC repository, consider annotating your entities with one of these annotations: org.springframework.data.relational.core.mapping.Table.
2026-06-17 16:17:25 [restartedMain] INFO  o.s.d.r.c.RepositoryConfigurationExtensionSupport - Spring Data JDBC - Could not safely identify store assignment for repository candidate interface com.sateno_b.www.model.repository.WpProductOrderRepository; If you want this repository to be a JDBC repository, consider annotating your entities with one of these annotations: org.springframework.data.relational.core.mapping.Table.
2026-06-17 16:17:25 [restartedMain] INFO  o.s.d.r.c.RepositoryConfigurationExtensionSupport - Spring Data JDBC - Could not safely identify store assignment for repository candidate interface com.sateno_b.www.model.repository.WpProductRepository; If you want this repository to be a JDBC repository, consider annotating your entities with one of these annotations: org.springframework.data.relational.core.mapping.Table.
2026-06-17 16:17:25 [restartedMain] INFO  o.s.d.r.c.RepositoryConfigurationExtensionSupport - Spring Data JDBC - Could not safely identify store assignment for repository candidate interface com.sateno_b.www.model.repository.WpProductSiteConfigRepository; If you want this repository to be a JDBC repository, consider annotating your entities with one of these annotations: org.springframework.data.relational.core.mapping.Table.
2026-06-17 16:17:25 [restartedMain] INFO  o.s.d.r.c.RepositoryConfigurationExtensionSupport - Spring Data JDBC - Could not safely identify store assignment for repository candidate interface com.sateno_b.www.model.repository.WpProductTranslationRepository; If you want this repository to be a JDBC repository, consider annotating your entities with one of these annotations: org.springframework.data.relational.core.mapping.Table.
2026-06-17 16:17:25 [restartedMain] INFO  o.s.d.r.c.RepositoryConfigurationDelegate - Finished Spring Data repository scanning in 7 ms. Found 0 JDBC repository interfaces.
2026-06-17 16:17:25 [restartedMain] INFO  o.s.i.c.DefaultConfiguringBeanFactoryPostProcessor - No bean named 'errorChannel' has been explicitly defined. Therefore, a default PublishSubscribeChannel will be created.
2026-06-17 16:17:25 [restartedMain] INFO  o.s.i.c.DefaultConfiguringBeanFactoryPostProcessor - No bean named 'integrationHeaderChannelRegistry' has been explicitly defined. Therefore, a default DefaultHeaderChannelRegistry will be created.
2026-06-17 16:17:26 [restartedMain] INFO  o.s.b.w.e.tomcat.TomcatWebServer - Tomcat initialized with port 9494 (http)
2026-06-17 16:17:26 [restartedMain] INFO  o.a.coyote.http11.Http11NioProtocol - Initializing ProtocolHandler ["http-nio-9494"]
2026-06-17 16:17:26 [restartedMain] INFO  o.a.catalina.core.StandardService - Starting service [Tomcat]
2026-06-17 16:17:26 [restartedMain] INFO  o.a.catalina.core.StandardEngine - Starting Servlet engine: [Apache Tomcat/10.1.50]
2026-06-17 16:17:26 [restartedMain] INFO  o.a.c.c.C.[Tomcat].[localhost].[/] - Initializing Spring embedded WebApplicationContext
2026-06-17 16:17:26 [restartedMain] INFO  o.s.b.w.s.c.ServletWebServerApplicationContext - Root WebApplicationContext: initialization completed in 1316 ms
2026-06-17 16:17:26 [restartedMain] INFO  o.h.jpa.internal.util.LogHelper - HHH000204: Processing PersistenceUnitInfo [name: default]
2026-06-17 16:17:26 [restartedMain] INFO  org.hibernate.Version - HHH000412: Hibernate ORM core version 6.6.41.Final
2026-06-17 16:17:26 [restartedMain] INFO  o.h.c.i.RegionFactoryInitiator - HHH000026: Second-level cache disabled
2026-06-17 16:17:26 [restartedMain] INFO  o.s.o.j.p.SpringPersistenceUnitInfo - No LoadTimeWeaver setup: ignoring JPA class transformer
2026-06-17 16:17:26 [restartedMain] INFO  com.zaxxer.hikari.HikariDataSource - HikariPool-1 - Starting...
2026-06-17 16:17:26 [restartedMain] INFO  com.zaxxer.hikari.pool.HikariPool - HikariPool-1 - Added connection org.postgresql.jdbc.PgConnection@38d90226
2026-06-17 16:17:26 [restartedMain] INFO  com.zaxxer.hikari.HikariDataSource - HikariPool-1 - Start completed.
2026-06-17 16:17:26 [restartedMain] WARN  org.hibernate.orm.deprecation - HHH90000025: PostgreSQLDialect does not need to be specified explicitly using 'hibernate.dialect' (remove the property setting and it will be selected by default)
2026-06-17 16:17:26 [restartedMain] INFO  o.hibernate.orm.connections.pooling - HHH10001005: Database info:
	Database JDBC URL [Connecting through datasource 'HikariDataSource (HikariPool-1)']
	Database driver: undefined/unknown
	Database version: 18.4
	Autocommit mode: undefined/unknown
	Isolation level: undefined/unknown
	Minimum pool size: undefined/unknown
	Maximum pool size: undefined/unknown
2026-06-17 16:17:27 [restartedMain] INFO  o.h.e.t.j.p.i.JtaPlatformInitiator - HHH000489: No JTA platform available (set 'hibernate.transaction.jta.platform' to enable JTA platform integration)
2026-06-17 16:17:27 [restartedMain] INFO  o.s.o.j.LocalContainerEntityManagerFactoryBean - Initialized JPA EntityManagerFactory for persistence unit 'default'
2026-06-17 16:17:28 [restartedMain] INFO  o.s.d.j.r.query.QueryEnhancerFactory - Hibernate is in classpath; If applicable, HQL parser will be used.
2026-06-17 16:17:28 [restartedMain] INFO  o.s.s.c.a.a.c.InitializeUserDetailsBeanManagerConfigurer$InitializeUserDetailsManagerConfigurer - Global AuthenticationManager configured with UserDetailsService bean with name customUserDetailsService
2026-06-17 16:17:29 [restartedMain] WARN  o.s.b.a.o.j.JpaBaseConfiguration$JpaWebConfiguration - spring.jpa.open-in-view is enabled by default. Therefore, database queries may be performed during view rendering. Explicitly configure spring.jpa.open-in-view to disable this warning
2026-06-17 16:17:30 [restartedMain] INFO  o.s.b.d.a.OptionalLiveReloadServer - LiveReload server is running on port 35729
2026-06-17 16:17:30 [restartedMain] INFO  o.s.i.endpoint.EventDrivenConsumer - Adding {logging-channel-adapter:_org.springframework.integration.errorLogger} as a subscriber to the 'errorChannel' channel
2026-06-17 16:17:30 [restartedMain] INFO  o.s.i.c.PublishSubscribeChannel - Channel 'sateno_b.errorChannel' has 1 subscriber(s).
2026-06-17 16:17:30 [restartedMain] INFO  o.s.i.endpoint.EventDrivenConsumer - started bean '_org.springframework.integration.errorLogger'
2026-06-17 16:17:30 [restartedMain] INFO  o.s.m.s.b.SimpleBrokerMessageHandler - Starting...
2026-06-17 16:17:30 [restartedMain] INFO  o.s.m.s.b.SimpleBrokerMessageHandler - BrokerAvailabilityEvent[available=true, SimpleBrokerMessageHandler [org.springframework.messaging.simp.broker.DefaultSubscriptionRegistry@10d927cc]]
2026-06-17 16:17:30 [restartedMain] INFO  o.s.m.s.b.SimpleBrokerMessageHandler - Started.
2026-06-17 16:17:30 [restartedMain] INFO  o.a.coyote.http11.Http11NioProtocol - Starting ProtocolHandler ["http-nio-9494"]
2026-06-17 16:17:30 [restartedMain] INFO  o.s.b.w.e.tomcat.TomcatWebServer - Tomcat started on port 9494 (http) with context path '/'
2026-06-17 16:17:30 [restartedMain] INFO  com.sateno_b.www.SatenoBApplication - Started SatenoBApplication in 5.654 seconds (process running for 6.073)
2026-06-17 16:17:30 [scheduling-1] INFO  c.sateno_b.www.service.SpeedyService - SPEEDY event shipment=63623583077 opCode=148 desc='Получена информация за пратка'
2026-06-17 16:17:30 [scheduling-1] INFO  c.sateno_b.www.service.SpeedyService - SPEEDY event shipment=63623583077 opCode=39 desc='Приемане от подател'
2026-06-17 16:17:30 [scheduling-1] INFO  c.sateno_b.www.service.SpeedyService - SPEEDY event shipment=63623583077 opCode=11 desc='Приемане от куриер/служител'
2026-06-17 16:17:30 [scheduling-1] INFO  c.sateno_b.www.service.SpeedyService - SPEEDY event shipment=63623583077 opCode=2 desc='Изпращане от офис'
2026-06-17 16:17:30 [scheduling-1] INFO  c.sateno_b.www.service.SpeedyService - SPEEDY event shipment=63623583077 opCode=1 desc='Пристигане в офис'
2026-06-17 16:17:30 [scheduling-1] INFO  c.sateno_b.www.service.SpeedyService - SPEEDY event shipment=63623583077 opCode=134 desc='Подготовка за предаване на клиент в офис'
2026-06-17 16:17:30 [scheduling-1] INFO  c.sateno_b.www.service.SpeedyService - SPEEDY event shipment=63623583077 opCode=115 desc='Пренасочване'
2026-06-17 16:17:30 [scheduling-1] INFO  c.sateno_b.www.service.SpeedyService - SPEEDY event shipment=63623583077 opCode=11 desc='Приемане от куриер/служител'
2026-06-17 16:17:30 [scheduling-1] INFO  c.sateno_b.www.service.SpeedyService - SPEEDY event shipment=63623583077 opCode=12 desc='Предаване на куриер за доставка'
2026-06-17 16:17:30 [scheduling-1] INFO  c.sateno_b.www.service.SpeedyService - SPEEDY event shipment=63623583077 opCode=44 desc='Неуспешнa доставка'
2026-06-17 16:17:30 [scheduling-1] INFO  c.sateno_b.www.service.SpeedyService - SPEEDY event shipment=63623583077 opCode=38 desc='Връщане в офис'
2026-06-17 16:17:30 [scheduling-1] INFO  c.sateno_b.www.service.SpeedyService - SPEEDY event shipment=63623583077 opCode=134 desc='Подготовка за предаване на клиент в офис'
2026-06-17 16:17:30 [scheduling-1] INFO  c.sateno_b.www.service.SpeedyService - SPEEDY event shipment=63623583077 opCode=134 desc='Подготовка за предаване на клиент в офис'
2026-06-17 16:17:30 [scheduling-1] INFO  c.sateno_b.www.service.SpeedyService - SPEEDY event shipment=63623583077 opCode=136 desc='Уточняване на доставка'
2026-06-17 16:17:31 [scheduling-1] INFO  c.sateno_b.www.service.EcontService - ECONT event shipment=1055172893126 type=prepared bg='Очаква предаване към Еконт' en='Awaiting delivery to Econt'
2026-06-17 16:17:31 [scheduling-1] INFO  c.sateno_b.www.service.EcontService - ECONT shortStatus shipment=1055172893126 bg='Очаква предаване към Еконт' en='Awaiting delivery to Econt'
2026-06-17 16:17:31 [scheduling-1] INFO  c.sateno_b.www.service.EcontService - ECONT event shipment=1055176015241 type=courier bg='Георги Факирчев' en='Georgi Fakirchev'
2026-06-17 16:17:31 [scheduling-1] INFO  c.sateno_b.www.service.EcontService - ECONT event shipment=1055176015241 type=in_pickup_courier bg='Пловдив - Андреана Гърова' en='Plovdiv - Andreana Garova'
2026-06-17 16:17:31 [scheduling-1] INFO  c.sateno_b.www.service.EcontService - ECONT event shipment=1055176015241 type=arrival_departure_from_hub bg='Пловдив НЛЦ населено място' en='Plovdiv NLC naseleno miasto'
2026-06-17 16:17:31 [scheduling-1] INFO  c.sateno_b.www.service.EcontService - ECONT event shipment=1055176015241 type=courier_direction bg='Благоевград - Пловдив' en='Blagoevgrad - Plovdiv'
2026-06-17 16:17:31 [scheduling-1] INFO  c.sateno_b.www.service.EcontService - ECONT event shipment=1055176015241 type=arrival_departure_from_hub bg='Пловдив ЛЛЦ Цар Борис III' en='Plovdiv llc Tsar Boris III'
2026-06-17 16:17:31 [scheduling-1] INFO  c.sateno_b.www.service.EcontService - ECONT event shipment=1055176015241 type=courier_direction bg='Пловдив - Пловдив' en='Plovdiv - Plovdiv'
2026-06-17 16:17:31 [scheduling-1] INFO  c.sateno_b.www.service.EcontService - ECONT event shipment=1055176015241 type=in_delivery_office bg='Пловдив Капана' en='Plovdiv Kapana'
2026-06-17 16:17:31 [scheduling-1] INFO  c.sateno_b.www.service.EcontService - ECONT shortStatus shipment=1055176015241 bg='Пристигнала в офис' en='In delivery office'
2026-06-17 16:17:44 [http-nio-9494-exec-1] INFO  o.a.c.c.C.[Tomcat].[localhost].[/] - Initializing Spring DispatcherServlet 'dispatcherServlet'
2026-06-17 16:17:44 [http-nio-9494-exec-1] INFO  o.s.web.servlet.DispatcherServlet - Initializing Servlet 'dispatcherServlet'
2026-06-17 16:17:44 [http-nio-9494-exec-1] INFO  o.s.web.servlet.DispatcherServlet - Completed initialization in 1 ms
2026-06-17 16:17:53 [http-nio-9494-exec-7] WARN  o.s.w.s.m.m.a.ExceptionHandlerExceptionResolver - Resolved [org.springframework.dao.IncorrectResultSizeDataAccessException: Query did not return a unique result: 2 results were returned]
2026-06-17 16:17:53 [http-nio-9494-exec-8] WARN  o.s.w.s.m.m.a.ExceptionHandlerExceptionResolver - Resolved [org.springframework.dao.IncorrectResultSizeDataAccessException: Query did not return a unique result: 2 results were returned]
2026-06-17 16:17:59 [http-nio-9494-exec-4] WARN  o.s.w.s.m.m.a.ExceptionHandlerExceptionResolver - Resolved [org.springframework.dao.IncorrectResultSizeDataAccessException: Query did not return a unique result: 2 results were returned]
2026-06-17 16:17:59 [http-nio-9494-exec-5] WARN  o.s.w.s.m.m.a.ExceptionHandlerExceptionResolver - Resolved [org.springframework.dao.IncorrectResultSizeDataAccessException: Query did not return a unique result: 2 results were returned]
2026-06-17 16:18:04 [http-nio-9494-exec-8] ERROR c.sateno_b.www.service.EcontService - Econt Error: Query did not return a unique result: 2 results were returned
2026-06-17 16:18:04 [http-nio-9494-exec-2] WARN  o.s.w.s.m.m.a.ExceptionHandlerExceptionResolver - Resolved [org.springframework.dao.IncorrectResultSizeDataAccessException: Query did not return a unique result: 2 results were returned]
2026-06-17 16:18:10 [SpringApplicationShutdownHook] INFO  o.s.b.w.e.tomcat.GracefulShutdown - Commencing graceful shutdown. Waiting for active requests to complete
2026-06-17 16:18:10 [tomcat-shutdown] INFO  o.s.b.w.e.tomcat.GracefulShutdown - Graceful shutdown complete
2026-06-17 16:18:10 [SpringApplicationShutdownHook] INFO  o.s.m.s.b.SimpleBrokerMessageHandler - Stopping...
2026-06-17 16:18:10 [SpringApplicationShutdownHook] INFO  o.s.m.s.b.SimpleBrokerMessageHandler - BrokerAvailabilityEvent[available=false, SimpleBrokerMessageHandler [org.springframework.messaging.simp.broker.DefaultSubscriptionRegistry@10d927cc]]
2026-06-17 16:18:10 [SpringApplicationShutdownHook] INFO  o.s.m.s.b.SimpleBrokerMessageHandler - Stopped.
2026-06-17 16:18:10 [SpringApplicationShutdownHook] INFO  o.s.i.endpoint.EventDrivenConsumer - Removing {logging-channel-adapter:_org.springframework.integration.errorLogger} as a subscriber to the 'errorChannel' channel
2026-06-17 16:18:10 [SpringApplicationShutdownHook] INFO  o.s.i.c.PublishSubscribeChannel - Channel 'sateno_b.errorChannel' has 0 subscriber(s).
2026-06-17 16:18:10 [SpringApplicationShutdownHook] INFO  o.s.i.endpoint.EventDrivenConsumer - stopped bean '_org.springframework.integration.errorLogger'
2026-06-17 16:18:10 [SpringApplicationShutdownHook] INFO  o.s.o.j.LocalContainerEntityManagerFactoryBean - Closing JPA EntityManagerFactory for persistence unit 'default'
2026-06-17 16:18:10 [SpringApplicationShutdownHook] INFO  com.zaxxer.hikari.HikariDataSource - HikariPool-1 - Shutdown initiated...
2026-06-17 16:18:10 [SpringApplicationShutdownHook] INFO  com.zaxxer.hikari.HikariDataSource - HikariPool-1 - Shutdown completed.
2026-06-17 17:25:16 [background-preinit] INFO  o.h.validator.internal.util.Version - HV000001: Hibernate Validator 8.0.3.Final
2026-06-17 17:25:16 [restartedMain] INFO  com.sateno_b.www.SatenoBApplication - Starting SatenoBApplication using Java 20.0.2 with PID 1024850 (/home/developer/Desktop/sateno/sateno_erp_backend/target/classes started by developer in /home/developer/Desktop/sateno/sateno_erp_backend)
2026-06-17 17:25:16 [restartedMain] INFO  com.sateno_b.www.SatenoBApplication - No active profile set, falling back to 1 default profile: "default"
2026-06-17 17:25:16 [restartedMain] INFO  o.s.b.d.e.DevToolsPropertyDefaultsPostProcessor - Devtools property defaults active! Set 'spring.devtools.add-properties' to 'false' to disable
2026-06-17 17:25:16 [restartedMain] INFO  o.s.b.d.e.DevToolsPropertyDefaultsPostProcessor - For additional web related logging consider setting the 'logging.level.web' property to 'DEBUG'
2026-06-17 17:25:17 [restartedMain] INFO  o.s.d.r.c.RepositoryConfigurationDelegate - Multiple Spring Data modules found, entering strict repository configuration mode
2026-06-17 17:25:17 [restartedMain] INFO  o.s.d.r.c.RepositoryConfigurationDelegate - Bootstrapping Spring Data JPA repositories in DEFAULT mode.
2026-06-17 17:25:17 [restartedMain] INFO  o.s.d.r.c.RepositoryConfigurationDelegate - Finished Spring Data repository scanning in 93 ms. Found 40 JPA repository interfaces.
2026-06-17 17:25:17 [restartedMain] INFO  o.s.d.r.c.RepositoryConfigurationDelegate - Multiple Spring Data modules found, entering strict repository configuration mode
2026-06-17 17:25:17 [restartedMain] INFO  o.s.d.r.c.RepositoryConfigurationDelegate - Bootstrapping Spring Data JDBC repositories in DEFAULT mode.
2026-06-17 17:25:17 [restartedMain] INFO  o.s.d.r.c.RepositoryConfigurationExtensionSupport - Spring Data JDBC - Could not safely identify store assignment for repository candidate interface com.sateno_b.www.model.repository.CourierSettingsRepository; If you want this repository to be a JDBC repository, consider annotating your entities with one of these annotations: org.springframework.data.relational.core.mapping.Table.
2026-06-17 17:25:17 [restartedMain] INFO  o.s.d.r.c.RepositoryConfigurationExtensionSupport - Spring Data JDBC - Could not safely identify store assignment for repository candidate interface com.sateno_b.www.model.repository.CurrencyRepository; If you want this repository to be a JDBC repository, consider annotating your entities with one of these annotations: org.springframework.data.relational.core.mapping.Table.
2026-06-17 17:25:17 [restartedMain] INFO  o.s.d.r.c.RepositoryConfigurationExtensionSupport - Spring Data JDBC - Could not safely identify store assignment for repository candidate interface com.sateno_b.www.model.repository.CustomerRepository; If you want this repository to be a JDBC repository, consider annotating your entities with one of these annotations: org.springframework.data.relational.core.mapping.Table.
2026-06-17 17:25:17 [restartedMain] INFO  o.s.d.r.c.RepositoryConfigurationExtensionSupport - Spring Data JDBC - Could not safely identify store assignment for repository candidate interface com.sateno_b.www.model.repository.DiscountPhoneRepository; If you want this repository to be a JDBC repository, consider annotating your entities with one of these annotations: org.springframework.data.relational.core.mapping.Table.
2026-06-17 17:25:17 [restartedMain] INFO  o.s.d.r.c.RepositoryConfigurationExtensionSupport - Spring Data JDBC - Could not safely identify store assignment for repository candidate interface com.sateno_b.www.model.repository.EmailLogRepository; If you want this repository to be a JDBC repository, consider annotating your entities with one of these annotations: org.springframework.data.relational.core.mapping.Table.
2026-06-17 17:25:17 [restartedMain] INFO  o.s.d.r.c.RepositoryConfigurationExtensionSupport - Spring Data JDBC - Could not safely identify store assignment for repository candidate interface com.sateno_b.www.model.repository.EmailRepository; If you want this repository to be a JDBC repository, consider annotating your entities with one of these annotations: org.springframework.data.relational.core.mapping.Table.
2026-06-17 17:25:17 [restartedMain] INFO  o.s.d.r.c.RepositoryConfigurationExtensionSupport - Spring Data JDBC - Could not safely identify store assignment for repository candidate interface com.sateno_b.www.model.repository.GoogleAdsCampaignNameRepository; If you want this repository to be a JDBC repository, consider annotating your entities with one of these annotations: org.springframework.data.relational.core.mapping.Table.
2026-06-17 17:25:17 [restartedMain] INFO  o.s.d.r.c.RepositoryConfigurationExtensionSupport - Spring Data JDBC - Could not safely identify store assignment for repository candidate interface com.sateno_b.www.model.repository.GoogleAdsRecordRepository; If you want this repository to be a JDBC repository, consider annotating your entities with one of these annotations: org.springframework.data.relational.core.mapping.Table.
2026-06-17 17:25:17 [restartedMain] INFO  o.s.d.r.c.RepositoryConfigurationExtensionSupport - Spring Data JDBC - Could not safely identify store assignment for repository candidate interface com.sateno_b.www.model.repository.GoogleAdsRepository; If you want this repository to be a JDBC repository, consider annotating your entities with one of these annotations: org.springframework.data.relational.core.mapping.Table.
2026-06-17 17:25:17 [restartedMain] INFO  o.s.d.r.c.RepositoryConfigurationExtensionSupport - Spring Data JDBC - Could not safely identify store assignment for repository candidate interface com.sateno_b.www.model.repository.LanguageRepository; If you want this repository to be a JDBC repository, consider annotating your entities with one of these annotations: org.springframework.data.relational.core.mapping.Table.
2026-06-17 17:25:17 [restartedMain] INFO  o.s.d.r.c.RepositoryConfigurationExtensionSupport - Spring Data JDBC - Could not safely identify store assignment for repository candidate interface com.sateno_b.www.model.repository.MetaAdsCampaignNameRepository; If you want this repository to be a JDBC repository, consider annotating your entities with one of these annotations: org.springframework.data.relational.core.mapping.Table.
2026-06-17 17:25:17 [restartedMain] INFO  o.s.d.r.c.RepositoryConfigurationExtensionSupport - Spring Data JDBC - Could not safely identify store assignment for repository candidate interface com.sateno_b.www.model.repository.MetaAdsRecordRepository; If you want this repository to be a JDBC repository, consider annotating your entities with one of these annotations: org.springframework.data.relational.core.mapping.Table.
2026-06-17 17:25:17 [restartedMain] INFO  o.s.d.r.c.RepositoryConfigurationExtensionSupport - Spring Data JDBC - Could not safely identify store assignment for repository candidate interface com.sateno_b.www.model.repository.MetaAdsRepository; If you want this repository to be a JDBC repository, consider annotating your entities with one of these annotations: org.springframework.data.relational.core.mapping.Table.
2026-06-17 17:25:17 [restartedMain] INFO  o.s.d.r.c.RepositoryConfigurationExtensionSupport - Spring Data JDBC - Could not safely identify store assignment for repository candidate interface com.sateno_b.www.model.repository.OrderAutomationTaskRepository; If you want this repository to be a JDBC repository, consider annotating your entities with one of these annotations: org.springframework.data.relational.core.mapping.Table.
2026-06-17 17:25:17 [restartedMain] INFO  o.s.d.r.c.RepositoryConfigurationExtensionSupport - Spring Data JDBC - Could not safely identify store assignment for repository candidate interface com.sateno_b.www.model.repository.SchemeWpProductRepository; If you want this repository to be a JDBC repository, consider annotating your entities with one of these annotations: org.springframework.data.relational.core.mapping.Table.
2026-06-17 17:25:17 [restartedMain] INFO  o.s.d.r.c.RepositoryConfigurationExtensionSupport - Spring Data JDBC - Could not safely identify store assignment for repository candidate interface com.sateno_b.www.model.repository.SiteRepository; If you want this repository to be a JDBC repository, consider annotating your entities with one of these annotations: org.springframework.data.relational.core.mapping.Table.
2026-06-17 17:25:17 [restartedMain] INFO  o.s.d.r.c.RepositoryConfigurationExtensionSupport - Spring Data JDBC - Could not safely identify store assignment for repository candidate interface com.sateno_b.www.model.repository.UserRepository; If you want this repository to be a JDBC repository, consider annotating your entities with one of these annotations: org.springframework.data.relational.core.mapping.Table.
2026-06-17 17:25:17 [restartedMain] INFO  o.s.d.r.c.RepositoryConfigurationExtensionSupport - Spring Data JDBC - Could not safely identify store assignment for repository candidate interface com.sateno_b.www.model.repository.UserSignalRepository; If you want this repository to be a JDBC repository, consider annotating your entities with one of these annotations: org.springframework.data.relational.core.mapping.Table.
2026-06-17 17:25:17 [restartedMain] INFO  o.s.d.r.c.RepositoryConfigurationExtensionSupport - Spring Data JDBC - Could not safely identify store assignment for repository candidate interface com.sateno_b.www.model.repository.WpAddonRepository; If you want this repository to be a JDBC repository, consider annotating your entities with one of these annotations: org.springframework.data.relational.core.mapping.Table.
2026-06-17 17:25:17 [restartedMain] INFO  o.s.d.r.c.RepositoryConfigurationExtensionSupport - Spring Data JDBC - Could not safely identify store assignment for repository candidate interface com.sateno_b.www.model.repository.WpAddonTranslationRepository; If you want this repository to be a JDBC repository, consider annotating your entities with one of these annotations: org.springframework.data.relational.core.mapping.Table.
2026-06-17 17:25:17 [restartedMain] INFO  o.s.d.r.c.RepositoryConfigurationExtensionSupport - Spring Data JDBC - Could not safely identify store assignment for repository candidate interface com.sateno_b.www.model.repository.WpAddonValueRepository; If you want this repository to be a JDBC repository, consider annotating your entities with one of these annotations: org.springframework.data.relational.core.mapping.Table.
2026-06-17 17:25:17 [restartedMain] INFO  o.s.d.r.c.RepositoryConfigurationExtensionSupport - Spring Data JDBC - Could not safely identify store assignment for repository candidate interface com.sateno_b.www.model.repository.WpAddonValueTranslationRepository; If you want this repository to be a JDBC repository, consider annotating your entities with one of these annotations: org.springframework.data.relational.core.mapping.Table.
2026-06-17 17:25:17 [restartedMain] INFO  o.s.d.r.c.RepositoryConfigurationExtensionSupport - Spring Data JDBC - Could not safely identify store assignment for repository candidate interface com.sateno_b.www.model.repository.WpAttributeTypeRepository; If you want this repository to be a JDBC repository, consider annotating your entities with one of these annotations: org.springframework.data.relational.core.mapping.Table.
2026-06-17 17:25:17 [restartedMain] INFO  o.s.d.r.c.RepositoryConfigurationExtensionSupport - Spring Data JDBC - Could not safely identify store assignment for repository candidate interface com.sateno_b.www.model.repository.WpAttributeTypeTranslationRepository; If you want this repository to be a JDBC repository, consider annotating your entities with one of these annotations: org.springframework.data.relational.core.mapping.Table.
2026-06-17 17:25:17 [restartedMain] INFO  o.s.d.r.c.RepositoryConfigurationExtensionSupport - Spring Data JDBC - Could not safely identify store assignment for repository candidate interface com.sateno_b.www.model.repository.WpAttributeValueRepository; If you want this repository to be a JDBC repository, consider annotating your entities with one of these annotations: org.springframework.data.relational.core.mapping.Table.
2026-06-17 17:25:17 [restartedMain] INFO  o.s.d.r.c.RepositoryConfigurationExtensionSupport - Spring Data JDBC - Could not safely identify store assignment for repository candidate interface com.sateno_b.www.model.repository.WpAttributeValueTranslationRepository; If you want this repository to be a JDBC repository, consider annotating your entities with one of these annotations: org.springframework.data.relational.core.mapping.Table.
2026-06-17 17:25:17 [restartedMain] INFO  o.s.d.r.c.RepositoryConfigurationExtensionSupport - Spring Data JDBC - Could not safely identify store assignment for repository candidate interface com.sateno_b.www.model.repository.WpBrandRepository; If you want this repository to be a JDBC repository, consider annotating your entities with one of these annotations: org.springframework.data.relational.core.mapping.Table.
2026-06-17 17:25:17 [restartedMain] INFO  o.s.d.r.c.RepositoryConfigurationExtensionSupport - Spring Data JDBC - Could not safely identify store assignment for repository candidate interface com.sateno_b.www.model.repository.WpBrandWpIdRepository; If you want this repository to be a JDBC repository, consider annotating your entities with one of these annotations: org.springframework.data.relational.core.mapping.Table.
2026-06-17 17:25:17 [restartedMain] INFO  o.s.d.r.c.RepositoryConfigurationExtensionSupport - Spring Data JDBC - Could not safely identify store assignment for repository candidate interface com.sateno_b.www.model.repository.WpCategoryRepository; If you want this repository to be a JDBC repository, consider annotating your entities with one of these annotations: org.springframework.data.relational.core.mapping.Table.
2026-06-17 17:25:17 [restartedMain] INFO  o.s.d.r.c.RepositoryConfigurationExtensionSupport - Spring Data JDBC - Could not safely identify store assignment for repository candidate interface com.sateno_b.www.model.repository.WpCategorySiteMappingRepository; If you want this repository to be a JDBC repository, consider annotating your entities with one of these annotations: org.springframework.data.relational.core.mapping.Table.
2026-06-17 17:25:17 [restartedMain] INFO  o.s.d.r.c.RepositoryConfigurationExtensionSupport - Spring Data JDBC - Could not safely identify store assignment for repository candidate interface com.sateno_b.www.model.repository.WpCategoryTranslationRepository; If you want this repository to be a JDBC repository, consider annotating your entities with one of these annotations: org.springframework.data.relational.core.mapping.Table.
2026-06-17 17:25:17 [restartedMain] INFO  o.s.d.r.c.RepositoryConfigurationExtensionSupport - Spring Data JDBC - Could not safely identify store assignment for repository candidate interface com.sateno_b.www.model.repository.WpOrderRepository; If you want this repository to be a JDBC repository, consider annotating your entities with one of these annotations: org.springframework.data.relational.core.mapping.Table.
2026-06-17 17:25:17 [restartedMain] INFO  o.s.d.r.c.RepositoryConfigurationExtensionSupport - Spring Data JDBC - Could not safely identify store assignment for repository candidate interface com.sateno_b.www.model.repository.WpProductAddonConfigRepository; If you want this repository to be a JDBC repository, consider annotating your entities with one of these annotations: org.springframework.data.relational.core.mapping.Table.
2026-06-17 17:25:17 [restartedMain] INFO  o.s.d.r.c.RepositoryConfigurationExtensionSupport - Spring Data JDBC - Could not safely identify store assignment for repository candidate interface com.sateno_b.www.model.repository.WpProductHistoryRepository; If you want this repository to be a JDBC repository, consider annotating your entities with one of these annotations: org.springframework.data.relational.core.mapping.Table.
2026-06-17 17:25:17 [restartedMain] INFO  o.s.d.r.c.RepositoryConfigurationExtensionSupport - Spring Data JDBC - Could not safely identify store assignment for repository candidate interface com.sateno_b.www.model.repository.WpProductImageRepository; If you want this repository to be a JDBC repository, consider annotating your entities with one of these annotations: org.springframework.data.relational.core.mapping.Table.
2026-06-17 17:25:17 [restartedMain] INFO  o.s.d.r.c.RepositoryConfigurationExtensionSupport - Spring Data JDBC - Could not safely identify store assignment for repository candidate interface com.sateno_b.www.model.repository.WpProductImageSiteMappingRepository; If you want this repository to be a JDBC repository, consider annotating your entities with one of these annotations: org.springframework.data.relational.core.mapping.Table.
2026-06-17 17:25:17 [restartedMain] INFO  o.s.d.r.c.RepositoryConfigurationExtensionSupport - Spring Data JDBC - Could not safely identify store assignment for repository candidate interface com.sateno_b.www.model.repository.WpProductOrderRepository; If you want this repository to be a JDBC repository, consider annotating your entities with one of these annotations: org.springframework.data.relational.core.mapping.Table.
2026-06-17 17:25:17 [restartedMain] INFO  o.s.d.r.c.RepositoryConfigurationExtensionSupport - Spring Data JDBC - Could not safely identify store assignment for repository candidate interface com.sateno_b.www.model.repository.WpProductRepository; If you want this repository to be a JDBC repository, consider annotating your entities with one of these annotations: org.springframework.data.relational.core.mapping.Table.
2026-06-17 17:25:17 [restartedMain] INFO  o.s.d.r.c.RepositoryConfigurationExtensionSupport - Spring Data JDBC - Could not safely identify store assignment for repository candidate interface com.sateno_b.www.model.repository.WpProductSiteConfigRepository; If you want this repository to be a JDBC repository, consider annotating your entities with one of these annotations: org.springframework.data.relational.core.mapping.Table.
2026-06-17 17:25:17 [restartedMain] INFO  o.s.d.r.c.RepositoryConfigurationExtensionSupport - Spring Data JDBC - Could not safely identify store assignment for repository candidate interface com.sateno_b.www.model.repository.WpProductTranslationRepository; If you want this repository to be a JDBC repository, consider annotating your entities with one of these annotations: org.springframework.data.relational.core.mapping.Table.
2026-06-17 17:25:17 [restartedMain] INFO  o.s.d.r.c.RepositoryConfigurationDelegate - Finished Spring Data repository scanning in 8 ms. Found 0 JDBC repository interfaces.
2026-06-17 17:25:17 [restartedMain] INFO  o.s.i.c.DefaultConfiguringBeanFactoryPostProcessor - No bean named 'errorChannel' has been explicitly defined. Therefore, a default PublishSubscribeChannel will be created.
2026-06-17 17:25:17 [restartedMain] INFO  o.s.i.c.DefaultConfiguringBeanFactoryPostProcessor - No bean named 'integrationHeaderChannelRegistry' has been explicitly defined. Therefore, a default DefaultHeaderChannelRegistry will be created.
2026-06-17 17:25:17 [restartedMain] INFO  o.s.b.w.e.tomcat.TomcatWebServer - Tomcat initialized with port 9494 (http)
2026-06-17 17:25:17 [restartedMain] INFO  o.a.coyote.http11.Http11NioProtocol - Initializing ProtocolHandler ["http-nio-9494"]
2026-06-17 17:25:17 [restartedMain] INFO  o.a.catalina.core.StandardService - Starting service [Tomcat]
2026-06-17 17:25:17 [restartedMain] INFO  o.a.catalina.core.StandardEngine - Starting Servlet engine: [Apache Tomcat/10.1.50]
2026-06-17 17:25:17 [restartedMain] INFO  o.a.c.c.C.[Tomcat].[localhost].[/] - Initializing Spring embedded WebApplicationContext
2026-06-17 17:25:17 [restartedMain] INFO  o.s.b.w.s.c.ServletWebServerApplicationContext - Root WebApplicationContext: initialization completed in 1031 ms
2026-06-17 17:25:17 [restartedMain] INFO  o.h.jpa.internal.util.LogHelper - HHH000204: Processing PersistenceUnitInfo [name: default]
2026-06-17 17:25:17 [restartedMain] INFO  org.hibernate.Version - HHH000412: Hibernate ORM core version 6.6.41.Final
2026-06-17 17:25:17 [restartedMain] INFO  o.h.c.i.RegionFactoryInitiator - HHH000026: Second-level cache disabled
2026-06-17 17:25:18 [restartedMain] INFO  o.s.o.j.p.SpringPersistenceUnitInfo - No LoadTimeWeaver setup: ignoring JPA class transformer
2026-06-17 17:25:18 [restartedMain] INFO  com.zaxxer.hikari.HikariDataSource - HikariPool-1 - Starting...
2026-06-17 17:25:18 [restartedMain] INFO  com.zaxxer.hikari.pool.HikariPool - HikariPool-1 - Added connection org.postgresql.jdbc.PgConnection@34f66f49
2026-06-17 17:25:18 [restartedMain] INFO  com.zaxxer.hikari.HikariDataSource - HikariPool-1 - Start completed.
2026-06-17 17:25:18 [restartedMain] WARN  org.hibernate.orm.deprecation - HHH90000025: PostgreSQLDialect does not need to be specified explicitly using 'hibernate.dialect' (remove the property setting and it will be selected by default)
2026-06-17 17:25:18 [restartedMain] INFO  o.hibernate.orm.connections.pooling - HHH10001005: Database info:
	Database JDBC URL [Connecting through datasource 'HikariDataSource (HikariPool-1)']
	Database driver: undefined/unknown
	Database version: 18.4
	Autocommit mode: undefined/unknown
	Isolation level: undefined/unknown
	Minimum pool size: undefined/unknown
	Maximum pool size: undefined/unknown
2026-06-17 17:25:19 [restartedMain] INFO  o.h.e.t.j.p.i.JtaPlatformInitiator - HHH000489: No JTA platform available (set 'hibernate.transaction.jta.platform' to enable JTA platform integration)
2026-06-17 17:25:19 [restartedMain] INFO  o.s.o.j.LocalContainerEntityManagerFactoryBean - Initialized JPA EntityManagerFactory for persistence unit 'default'
2026-06-17 17:25:19 [restartedMain] INFO  o.s.d.j.r.query.QueryEnhancerFactory - Hibernate is in classpath; If applicable, HQL parser will be used.
2026-06-17 17:25:19 [restartedMain] INFO  o.s.s.c.a.a.c.InitializeUserDetailsBeanManagerConfigurer$InitializeUserDetailsManagerConfigurer - Global AuthenticationManager configured with UserDetailsService bean with name customUserDetailsService
2026-06-17 17:25:20 [restartedMain] WARN  o.s.b.a.o.j.JpaBaseConfiguration$JpaWebConfiguration - spring.jpa.open-in-view is enabled by default. Therefore, database queries may be performed during view rendering. Explicitly configure spring.jpa.open-in-view to disable this warning
2026-06-17 17:25:20 [restartedMain] INFO  o.s.b.d.a.OptionalLiveReloadServer - LiveReload server is running on port 35729
2026-06-17 17:25:21 [restartedMain] INFO  o.s.i.endpoint.EventDrivenConsumer - Adding {logging-channel-adapter:_org.springframework.integration.errorLogger} as a subscriber to the 'errorChannel' channel
2026-06-17 17:25:21 [restartedMain] INFO  o.s.i.c.PublishSubscribeChannel - Channel 'sateno_b.errorChannel' has 1 subscriber(s).
2026-06-17 17:25:21 [restartedMain] INFO  o.s.i.endpoint.EventDrivenConsumer - started bean '_org.springframework.integration.errorLogger'
2026-06-17 17:25:21 [restartedMain] INFO  o.s.m.s.b.SimpleBrokerMessageHandler - Starting...
2026-06-17 17:25:21 [restartedMain] INFO  o.s.m.s.b.SimpleBrokerMessageHandler - BrokerAvailabilityEvent[available=true, SimpleBrokerMessageHandler [org.springframework.messaging.simp.broker.DefaultSubscriptionRegistry@692322a4]]
2026-06-17 17:25:21 [restartedMain] INFO  o.s.m.s.b.SimpleBrokerMessageHandler - Started.
2026-06-17 17:25:21 [restartedMain] INFO  o.a.coyote.http11.Http11NioProtocol - Starting ProtocolHandler ["http-nio-9494"]
2026-06-17 17:25:21 [restartedMain] INFO  o.s.b.w.e.tomcat.TomcatWebServer - Tomcat started on port 9494 (http) with context path '/'
2026-06-17 17:25:21 [restartedMain] INFO  com.sateno_b.www.SatenoBApplication - Started SatenoBApplication in 4.759 seconds (process running for 5.15)
2026-06-17 17:25:21 [scheduling-1] INFO  c.sateno_b.www.service.SpeedyService - SPEEDY event shipment=63623583077 opCode=148 desc='Получена информация за пратка'
2026-06-17 17:25:21 [scheduling-1] INFO  c.sateno_b.www.service.SpeedyService - SPEEDY event shipment=63623583077 opCode=39 desc='Приемане от подател'
2026-06-17 17:25:21 [scheduling-1] INFO  c.sateno_b.www.service.SpeedyService - SPEEDY event shipment=63623583077 opCode=11 desc='Приемане от куриер/служител'
2026-06-17 17:25:21 [scheduling-1] INFO  c.sateno_b.www.service.SpeedyService - SPEEDY event shipment=63623583077 opCode=2 desc='Изпращане от офис'
2026-06-17 17:25:21 [scheduling-1] INFO  c.sateno_b.www.service.SpeedyService - SPEEDY event shipment=63623583077 opCode=1 desc='Пристигане в офис'
2026-06-17 17:25:21 [scheduling-1] INFO  c.sateno_b.www.service.SpeedyService - SPEEDY event shipment=63623583077 opCode=134 desc='Подготовка за предаване на клиент в офис'
2026-06-17 17:25:21 [scheduling-1] INFO  c.sateno_b.www.service.SpeedyService - SPEEDY event shipment=63623583077 opCode=115 desc='Пренасочване'
2026-06-17 17:25:21 [scheduling-1] INFO  c.sateno_b.www.service.SpeedyService - SPEEDY event shipment=63623583077 opCode=11 desc='Приемане от куриер/служител'
2026-06-17 17:25:21 [scheduling-1] INFO  c.sateno_b.www.service.SpeedyService - SPEEDY event shipment=63623583077 opCode=12 desc='Предаване на куриер за доставка'
2026-06-17 17:25:21 [scheduling-1] INFO  c.sateno_b.www.service.SpeedyService - SPEEDY event shipment=63623583077 opCode=44 desc='Неуспешнa доставка'
2026-06-17 17:25:21 [scheduling-1] INFO  c.sateno_b.www.service.SpeedyService - SPEEDY event shipment=63623583077 opCode=38 desc='Връщане в офис'
2026-06-17 17:25:21 [scheduling-1] INFO  c.sateno_b.www.service.SpeedyService - SPEEDY event shipment=63623583077 opCode=134 desc='Подготовка за предаване на клиент в офис'
2026-06-17 17:25:21 [scheduling-1] INFO  c.sateno_b.www.service.SpeedyService - SPEEDY event shipment=63623583077 opCode=134 desc='Подготовка за предаване на клиент в офис'
2026-06-17 17:25:21 [scheduling-1] INFO  c.sateno_b.www.service.SpeedyService - SPEEDY event shipment=63623583077 opCode=136 desc='Уточняване на доставка'
2026-06-17 17:25:21 [scheduling-1] INFO  c.sateno_b.www.service.EcontService - ECONT event shipment=1055172893126 type=prepared bg='Очаква предаване към Еконт' en='Awaiting delivery to Econt'
2026-06-17 17:25:21 [scheduling-1] INFO  c.sateno_b.www.service.EcontService - ECONT shortStatus shipment=1055172893126 bg='Очаква предаване към Еконт' en='Awaiting delivery to Econt'
2026-06-17 17:25:21 [scheduling-1] INFO  c.sateno_b.www.service.EcontService - ECONT event shipment=1055176015241 type=courier bg='Георги Факирчев' en='Georgi Fakirchev'
2026-06-17 17:25:21 [scheduling-1] INFO  c.sateno_b.www.service.EcontService - ECONT event shipment=1055176015241 type=in_pickup_courier bg='Пловдив - Андреана Гърова' en='Plovdiv - Andreana Garova'
2026-06-17 17:25:21 [scheduling-1] INFO  c.sateno_b.www.service.EcontService - ECONT event shipment=1055176015241 type=arrival_departure_from_hub bg='Пловдив НЛЦ населено място' en='Plovdiv NLC naseleno miasto'
2026-06-17 17:25:21 [scheduling-1] INFO  c.sateno_b.www.service.EcontService - ECONT event shipment=1055176015241 type=courier_direction bg='Благоевград - Пловдив' en='Blagoevgrad - Plovdiv'
2026-06-17 17:25:21 [scheduling-1] INFO  c.sateno_b.www.service.EcontService - ECONT event shipment=1055176015241 type=arrival_departure_from_hub bg='Пловдив ЛЛЦ Цар Борис III' en='Plovdiv llc Tsar Boris III'
2026-06-17 17:25:21 [scheduling-1] INFO  c.sateno_b.www.service.EcontService - ECONT event shipment=1055176015241 type=courier_direction bg='Пловдив - Пловдив' en='Plovdiv - Plovdiv'
2026-06-17 17:25:21 [scheduling-1] INFO  c.sateno_b.www.service.EcontService - ECONT event shipment=1055176015241 type=in_delivery_office bg='Пловдив Капана' en='Plovdiv Kapana'
2026-06-17 17:25:21 [scheduling-1] INFO  c.sateno_b.www.service.EcontService - ECONT shortStatus shipment=1055176015241 bg='Пристигнала в офис' en='In delivery office'
2026-06-17 17:25:47 [http-nio-9494-exec-1] INFO  o.a.c.c.C.[Tomcat].[localhost].[/] - Initializing Spring DispatcherServlet 'dispatcherServlet'
2026-06-17 17:25:47 [http-nio-9494-exec-1] INFO  o.s.web.servlet.DispatcherServlet - Initializing Servlet 'dispatcherServlet'
2026-06-17 17:25:47 [http-nio-9494-exec-1] INFO  o.s.web.servlet.DispatcherServlet - Completed initialization in 1 ms
2026-06-17 17:25:49 [http-nio-9494-exec-6] WARN  o.s.w.s.m.m.a.ExceptionHandlerExceptionResolver - Resolved [org.springframework.web.servlet.resource.NoResourceFoundException: No static resource products/917/prod_c8dddebf-98b8-416a-b1ee-d6b614075c84.jpg.]
2026-06-17 17:25:49 [http-nio-9494-exec-4] WARN  o.s.w.s.m.m.a.ExceptionHandlerExceptionResolver - Resolved [org.springframework.web.servlet.resource.NoResourceFoundException: No static resource products/920/prod_c608b495-6138-4321-ac68-03cb01220428.jpg.]
2026-06-17 17:25:49 [http-nio-9494-exec-7] WARN  o.s.w.s.m.m.a.ExceptionHandlerExceptionResolver - Resolved [org.springframework.web.servlet.resource.NoResourceFoundException: No static resource products/919/prod_07177f1c-b591-476a-97e0-64e662c760a8.jpg.]
2026-06-17 17:25:49 [http-nio-9494-exec-5] WARN  o.s.w.s.m.m.a.ExceptionHandlerExceptionResolver - Resolved [org.springframework.web.servlet.resource.NoResourceFoundException: No static resource products/921/prod_699d1ac5-3438-48f4-a62f-290a91daef41.jpg.]
2026-06-17 17:25:49 [http-nio-9494-exec-10] WARN  o.s.w.s.m.m.a.ExceptionHandlerExceptionResolver - Resolved [org.springframework.web.servlet.resource.NoResourceFoundException: No static resource products/918/prod_eaa1a407-accf-4a3a-b90c-a0f5fd3b3f86.webp.]
2026-06-17 17:25:49 [http-nio-9494-exec-2] WARN  o.s.w.s.m.m.a.ExceptionHandlerExceptionResolver - Resolved [org.springframework.web.servlet.resource.NoResourceFoundException: No static resource products/922/prod_08710f50-3a64-4dec-b8dc-565f335e4bf8.webp.]
2026-06-17 17:25:49 [http-nio-9494-exec-8] WARN  o.s.w.s.m.m.a.ExceptionHandlerExceptionResolver - Resolved [org.springframework.web.servlet.resource.NoResourceFoundException: No static resource products/916/prod_a6ec99b1-ad1e-4fc9-a127-d8bf8c3100a7.webp.]
2026-06-17 17:25:49 [http-nio-9494-exec-9] WARN  o.s.w.s.m.m.a.ExceptionHandlerExceptionResolver - Resolved [org.springframework.web.servlet.resource.NoResourceFoundException: No static resource products/914/prod_19e1e05a-3feb-4dec-b49d-8dc4bf0e23f8.jpg.]
2026-06-17 17:25:49 [http-nio-9494-exec-3] WARN  o.s.w.s.m.m.a.ExceptionHandlerExceptionResolver - Resolved [org.springframework.web.servlet.resource.NoResourceFoundException: No static resource products/913/prod_cc9e3a57-0611-4776-b927-ab38cffe8206.jpg.]
2026-06-17 17:25:49 [http-nio-9494-exec-6] WARN  o.s.w.s.m.m.a.ExceptionHandlerExceptionResolver - Resolved [org.springframework.web.servlet.resource.NoResourceFoundException: No static resource products/912/prod_9f9d2c98-3e45-473c-9b81-060b48346f9f.jpg.]
2026-06-17 17:25:49 [http-nio-9494-exec-1] WARN  o.s.w.s.m.m.a.ExceptionHandlerExceptionResolver - Resolved [org.springframework.web.servlet.resource.NoResourceFoundException: No static resource products/915/prod_c6b994c1-8c35-40f2-b6f7-8ca5eca5b2a6.webp.]
2026-06-17 17:25:49 [http-nio-9494-exec-7] WARN  o.s.w.s.m.m.a.ExceptionHandlerExceptionResolver - Resolved [org.springframework.web.servlet.resource.NoResourceFoundException: No static resource products/911/prod_99b974fa-a55d-4278-bf84-436b95db084e.jpg.]
2026-06-17 17:25:49 [http-nio-9494-exec-6] WARN  o.s.w.s.m.m.a.ExceptionHandlerExceptionResolver - Resolved [org.springframework.web.servlet.resource.NoResourceFoundException: No static resource products/905/prod_b93d6479-ddd0-4786-ae38-24555d2fca2e.jpg.]
2026-06-17 17:25:49 [http-nio-9494-exec-2] WARN  o.s.w.s.m.m.a.ExceptionHandlerExceptionResolver - Resolved [org.springframework.web.servlet.resource.NoResourceFoundException: No static resource products/907/prod_5926dcd0-a0db-4090-abf6-6e5fc59c2fad.jpg.]
2026-06-17 17:25:49 [http-nio-9494-exec-3] WARN  o.s.w.s.m.m.a.ExceptionHandlerExceptionResolver - Resolved [org.springframework.web.servlet.resource.NoResourceFoundException: No static resource products/906/prod_67f00db7-4eab-42db-9fab-60034c01ba71.jpg.]
2026-06-17 17:25:49 [http-nio-9494-exec-10] WARN  o.s.w.s.m.m.a.ExceptionHandlerExceptionResolver - Resolved [org.springframework.web.servlet.resource.NoResourceFoundException: No static resource products/908/prod_79556fc1-6310-4d0e-af06-1331f8e33e5e.jpg.]
2026-06-17 17:25:49 [http-nio-9494-exec-5] WARN  o.s.w.s.m.m.a.ExceptionHandlerExceptionResolver - Resolved [org.springframework.web.servlet.resource.NoResourceFoundException: No static resource products/910/prod_cb586f57-bdf9-4bcb-a773-938dda8f422e.jpg.]
2026-06-17 17:25:49 [http-nio-9494-exec-4] WARN  o.s.w.s.m.m.a.ExceptionHandlerExceptionResolver - Resolved [org.springframework.web.servlet.resource.NoResourceFoundException: No static resource products/909/prod_4064d2c3-b5d6-4f35-8b56-56dc0bea4b4d.jpg.]
2026-06-17 17:25:49 [http-nio-9494-exec-8] WARN  o.s.w.s.m.m.a.ExceptionHandlerExceptionResolver - Resolved [org.springframework.web.servlet.resource.NoResourceFoundException: No static resource products/903/prod_d979713a-e435-458a-ae64-28ccd56e4b4c.jpg.]
2026-06-17 17:25:49 [http-nio-9494-exec-9] WARN  o.s.w.s.m.m.a.ExceptionHandlerExceptionResolver - Resolved [org.springframework.web.servlet.resource.NoResourceFoundException: No static resource products/904/prod_4de2b21a-9472-4b9f-b333-12e0e9128a7b.jpg.]
2026-06-17 17:26:07 [SpringApplicationShutdownHook] INFO  o.s.b.w.e.tomcat.GracefulShutdown - Commencing graceful shutdown. Waiting for active requests to complete
2026-06-17 17:26:07 [tomcat-shutdown] INFO  o.s.b.w.e.tomcat.GracefulShutdown - Graceful shutdown complete
2026-06-17 17:26:07 [SpringApplicationShutdownHook] INFO  o.s.m.s.b.SimpleBrokerMessageHandler - Stopping...
2026-06-17 17:26:07 [SpringApplicationShutdownHook] INFO  o.s.m.s.b.SimpleBrokerMessageHandler - BrokerAvailabilityEvent[available=false, SimpleBrokerMessageHandler [org.springframework.messaging.simp.broker.DefaultSubscriptionRegistry@692322a4]]
2026-06-17 17:26:07 [SpringApplicationShutdownHook] INFO  o.s.m.s.b.SimpleBrokerMessageHandler - Stopped.
2026-06-17 17:26:07 [SpringApplicationShutdownHook] INFO  o.s.i.endpoint.EventDrivenConsumer - Removing {logging-channel-adapter:_org.springframework.integration.errorLogger} as a subscriber to the 'errorChannel' channel
2026-06-17 17:26:07 [SpringApplicationShutdownHook] INFO  o.s.i.c.PublishSubscribeChannel - Channel 'sateno_b.errorChannel' has 0 subscriber(s).
2026-06-17 17:26:07 [SpringApplicationShutdownHook] INFO  o.s.i.endpoint.EventDrivenConsumer - stopped bean '_org.springframework.integration.errorLogger'
2026-06-17 17:26:07 [SpringApplicationShutdownHook] INFO  o.s.o.j.LocalContainerEntityManagerFactoryBean - Closing JPA EntityManagerFactory for persistence unit 'default'
2026-06-17 17:26:07 [SpringApplicationShutdownHook] INFO  com.zaxxer.hikari.HikariDataSource - HikariPool-1 - Shutdown initiated...
2026-06-17 17:26:07 [SpringApplicationShutdownHook] INFO  com.zaxxer.hikari.HikariDataSource - HikariPool-1 - Shutdown completed.
